{
    "MerchantRequestID": "56d4-407a-a1e3-0cb56a355c8299834",
    "CheckoutRequestID": "ws_CO_18102025230006077718912019",
    "ResponseCode": "0",
    "ResponseDescription": "Success. Request accepted for processing",
    "CustomerMessage": "Success. Request accepted for processing"
}
{
    "MerchantRequestID": "56d4-407a-a1e3-0cb56a355c8299842",
    "CheckoutRequestID": "ws_CO_18102025230108976718912019",
    "ResponseCode": "0",
    "ResponseDescription": "Success. Request accepted for processing",
    "CustomerMessage": "Success. Request accepted for processing"
}
{
    "MerchantRequestID": "6f23-4b16-bfec-a4fbda25dc0543286",
    "CheckoutRequestID": "ws_CO_18102025232605257718912019",
    "ResponseCode": "0",
    "ResponseDescription": "Success. Request accepted for processing",
    "CustomerMessage": "Success. Request accepted for processing"
}
{
    "MerchantRequestID": "99e8-41d0-8462-e6124f12a79014606",
    "CheckoutRequestID": "ws_CO_18102025232824281718912019",
    "ResponseCode": "0",
    "ResponseDescription": "Success. Request accepted for processing",
    "CustomerMessage": "Success. Request accepted for processing"
}
{
    "MerchantRequestID": "e017-41bc-9acf-27652a51563045267",
    "CheckoutRequestID": "ws_CO_18102025232907524718912019",
    "ResponseCode": "0",
    "ResponseDescription": "Success. Request accepted for processing",
    "CustomerMessage": "Success. Request accepted for processing"
}
{
    "MerchantRequestID": "e017-41bc-9acf-27652a51563045461",
    "CheckoutRequestID": "ws_CO_18102025234636227718912019",
    "ResponseCode": "0",
    "ResponseDescription": "Success. Request accepted for processing",
    "CustomerMessage": "Success. Request accepted for processing"
}
{
    "MerchantRequestID": "e017-41bc-9acf-27652a51563045599",
    "CheckoutRequestID": "ws_CO_19102025000255077718912019",
    "ResponseCode": "0",
    "ResponseDescription": "Success. Request accepted for processing",
    "CustomerMessage": "Success. Request accepted for processing"
}
{
    "MerchantRequestID": "6f23-4b16-bfec-a4fbda25dc0543743",
    "CheckoutRequestID": "ws_CO_19102025000921034718912019",
    "ResponseCode": "0",
    "ResponseDescription": "Success. Request accepted for processing",
    "CustomerMessage": "Success. Request accepted for processing"
}
{
    "MerchantRequestID": "56d4-407a-a1e3-0cb56a355c82100650",
    "CheckoutRequestID": "ws_CO_19102025002423483718912019",
    "ResponseCode": "0",
    "ResponseDescription": "Success. Request accepted for processing",
    "CustomerMessage": "Success. Request accepted for processing"
}
{
    "MerchantRequestID": "e017-41bc-9acf-27652a51563045845",
    "CheckoutRequestID": "ws_CO_19102025002607762718912019",
    "ResponseCode": "0",
    "ResponseDescription": "Success. Request accepted for processing",
    "CustomerMessage": "Success. Request accepted for processing"
}
{
    "MerchantRequestID": "e017-41bc-9acf-27652a51563045847",
    "CheckoutRequestID": "ws_CO_19102025002625215718912019",
    "ResponseCode": "0",
    "ResponseDescription": "Success. Request accepted for processing",
    "CustomerMessage": "Success. Request accepted for processing"
}
{
    "MerchantRequestID": "99e8-41d0-8462-e6124f12a79015251",
    "CheckoutRequestID": "ws_CO_19102025002951098793271188",
    "ResponseCode": "0",
    "ResponseDescription": "Success. Request accepted for processing",
    "CustomerMessage": "Success. Request accepted for processing"
}
{
    "MerchantRequestID": "6f23-4b16-bfec-a4fbda25dc0544132",
    "CheckoutRequestID": "ws_CO_19102025004832997718912019",
    "ResponseCode": "0",
    "ResponseDescription": "Success. Request accepted for processing",
    "CustomerMessage": "Success. Request accepted for processing"
}
{
    "MerchantRequestID": "281a-4735-96ee-9d025365cd8817534",
    "CheckoutRequestID": "ws_CO_19102025224516519718912019",
    "ResponseCode": "0",
    "ResponseDescription": "Success. Request accepted for processing",
    "CustomerMessage": "Success. Request accepted for processing"
}
{
    "MerchantRequestID": "0f10-4396-980f-59832182e48515007",
    "CheckoutRequestID": "ws_CO_19102025230141272718912019",
    "ResponseCode": "0",
    "ResponseDescription": "Success. Request accepted for processing",
    "CustomerMessage": "Success. Request accepted for processing"
}
{
    "MerchantRequestID": "0f10-4396-980f-59832182e48515020",
    "CheckoutRequestID": "ws_CO_19102025230317909106131616",
    "ResponseCode": "0",
    "ResponseDescription": "Success. Request accepted for processing",
    "CustomerMessage": "Success. Request accepted for processing"
}
{
    "MerchantRequestID": "94ee-4aa2-9826-0f5e5087ff0618653",
    "CheckoutRequestID": "ws_CO_21102025111800943793271188",
    "ResponseCode": "0",
    "ResponseDescription": "Success. Request accepted for processing",
    "CustomerMessage": "Success. Request accepted for processing"
}
{
    "MerchantRequestID": "4c91-438a-833d-bc196fc4c76910607",
    "CheckoutRequestID": "ws_CO_25102025192701573718912019",
    "ResponseCode": "0",
    "ResponseDescription": "Success. Request accepted for processing",
    "CustomerMessage": "Success. Request accepted for processing"
}
